0 info it worked if it ends with ok
1 verbose cli [ 'C:\\Program Files\\nodejs\\node.exe',
1 verbose cli   'C:\\Program Files\\nodejs\\node_modules\\npm\\bin\\npm-cli.js',
1 verbose cli   'install',
1 verbose cli   'drywall' ]
2 info using npm@2.14.12
3 info using node@v4.2.6
4 verbose install initial load of F:\Git\AngledNode\package.json
5 verbose installManyTop reading scoped package data from F:\Git\AngledNode\node_modules\angular-route\package.json
6 verbose installManyTop reading scoped package data from F:\Git\AngledNode\node_modules\angularjs\package.json
7 verbose installManyTop reading scoped package data from F:\Git\AngledNode\node_modules\body-parser\package.json
8 verbose installManyTop reading scoped package data from F:\Git\AngledNode\node_modules\cookie-parser\package.json
9 verbose installManyTop reading scoped package data from F:\Git\AngledNode\node_modules\debug\package.json
10 verbose installManyTop reading scoped package data from F:\Git\AngledNode\node_modules\ejs\package.json
11 verbose installManyTop reading scoped package data from F:\Git\AngledNode\node_modules\express\package.json
12 verbose installManyTop reading scoped package data from F:\Git\AngledNode\node_modules\express-session\package.json
13 verbose installManyTop reading scoped package data from F:\Git\AngledNode\node_modules\jquery\package.json
14 verbose installManyTop reading scoped package data from F:\Git\AngledNode\node_modules\mongodb\package.json
15 verbose installManyTop reading scoped package data from F:\Git\AngledNode\node_modules\mongoose\package.json
16 verbose installManyTop reading scoped package data from F:\Git\AngledNode\node_modules\morgan\package.json
17 verbose installManyTop reading scoped package data from F:\Git\AngledNode\node_modules\passport\package.json
18 verbose installManyTop reading scoped package data from F:\Git\AngledNode\node_modules\passport-local\package.json
19 verbose installManyTop reading scoped package data from F:\Git\AngledNode\node_modules\passport-local-mongoose\package.json
20 verbose installManyTop reading scoped package data from F:\Git\AngledNode\node_modules\requirejs\package.json
21 verbose installManyTop reading scoped package data from F:\Git\AngledNode\node_modules\serve-favicon\package.json
22 verbose installManyTop reading scoped package data from F:\Git\AngledNode\node_modules\winston\package.json
23 info package.json passport-local@1.0.0 No license field.
24 info package.json requirejs@2.1.22 No license field.
25 verbose readDependencies loading dependencies from F:\Git\AngledNode\package.json
26 silly cache add args [ 'drywall', null ]
27 verbose cache add spec drywall
28 silly cache add parsed spec Result {
28 silly cache add   raw: 'drywall',
28 silly cache add   scope: null,
28 silly cache add   name: 'drywall',
28 silly cache add   rawSpec: '',
28 silly cache add   spec: 'latest',
28 silly cache add   type: 'tag' }
29 silly addNamed drywall@latest
30 verbose addNamed "latest" is being treated as a dist-tag for drywall
31 info addNameTag [ 'drywall', 'latest' ]
32 silly mapToRegistry name drywall
33 silly mapToRegistry using default registry
34 silly mapToRegistry registry https://registry.npmjs.org/
35 silly mapToRegistry uri https://registry.npmjs.org/drywall
36 verbose addNameTag registry:https://registry.npmjs.org/drywall not in flight; fetching
37 verbose request uri https://registry.npmjs.org/drywall
38 verbose request no auth needed
39 info attempt registry request try #1 at 6:47:47 PM
40 verbose request id 022d3691716a6936
41 http request GET https://registry.npmjs.org/drywall
42 http 404 https://registry.npmjs.org/drywall
43 verbose headers { 'content-type': 'application/json',
43 verbose headers   'cache-control': 'max-age=0',
43 verbose headers   'content-length': '2',
43 verbose headers   'accept-ranges': 'bytes',
43 verbose headers   date: 'Sat, 12 Mar 2016 01:47:45 GMT',
43 verbose headers   via: '1.1 varnish',
43 verbose headers   age: '0',
43 verbose headers   connection: 'keep-alive',
43 verbose headers   'x-served-by': 'cache-sjc3128-SJC',
43 verbose headers   'x-cache': 'MISS',
43 verbose headers   'x-cache-hits': '0',
43 verbose headers   'x-timer': 'S1457747265.835145,VS0,VE44' }
44 silly get cb [ 404,
44 silly get   { 'content-type': 'application/json',
44 silly get     'cache-control': 'max-age=0',
44 silly get     'content-length': '2',
44 silly get     'accept-ranges': 'bytes',
44 silly get     date: 'Sat, 12 Mar 2016 01:47:45 GMT',
44 silly get     via: '1.1 varnish',
44 silly get     age: '0',
44 silly get     connection: 'keep-alive',
44 silly get     'x-served-by': 'cache-sjc3128-SJC',
44 silly get     'x-cache': 'MISS',
44 silly get     'x-cache-hits': '0',
44 silly get     'x-timer': 'S1457747265.835145,VS0,VE44' } ]
45 verbose stack Error: Registry returned 404 for GET on https://registry.npmjs.org/drywall
45 verbose stack     at makeError (C:\Program Files\nodejs\node_modules\npm\node_modules\npm-registry-client\lib\request.js:264:12)
45 verbose stack     at CachingRegistryClient.<anonymous> (C:\Program Files\nodejs\node_modules\npm\node_modules\npm-registry-client\lib\request.js:242:14)
45 verbose stack     at Request._callback (C:\Program Files\nodejs\node_modules\npm\node_modules\npm-registry-client\lib\request.js:172:14)
45 verbose stack     at Request.self.callback (C:\Program Files\nodejs\node_modules\npm\node_modules\request\request.js:198:22)
45 verbose stack     at emitTwo (events.js:87:13)
45 verbose stack     at Request.emit (events.js:172:7)
45 verbose stack     at Request.<anonymous> (C:\Program Files\nodejs\node_modules\npm\node_modules\request\request.js:1082:10)
45 verbose stack     at emitOne (events.js:82:20)
45 verbose stack     at Request.emit (events.js:169:7)
45 verbose stack     at IncomingMessage.<anonymous> (C:\Program Files\nodejs\node_modules\npm\node_modules\request\request.js:1009:12)
46 verbose statusCode 404
47 verbose pkgid drywall
48 verbose cwd F:\Git\AngledNode
49 error Windows_NT 10.0.10586
50 error argv "C:\\Program Files\\nodejs\\node.exe" "C:\\Program Files\\nodejs\\node_modules\\npm\\bin\\npm-cli.js" "install" "drywall"
51 error node v4.2.6
52 error npm  v2.14.12
53 error code E404
54 error 404 Registry returned 404 for GET on https://registry.npmjs.org/drywall
54 error 404
54 error 404 'drywall' is not in the npm registry.
54 error 404 You should bug the author to publish it (or use the name yourself!)
54 error 404 It was specified as a dependency of 'angled.Node'
54 error 404
54 error 404 Note that you can also install from a
54 error 404 tarball, folder, http url, or git url.
55 verbose exit [ 1, true ]
